#
# A fatal error has been detected by the Java Runtime Environment:
#
#  Internal Error (javaClasses.cpp:129), pid=3984, tid=1856
#  fatal error: Invalid layout of preloaded class
#
# JRE version: 7.0_13-b20
# Java VM: Java HotSpot(TM) 64-Bit Server VM (23.7-b01 mixed mode windows-amd64 compressed oops)
# Failed to write core dump. Minidumps are not enabled by default on client versions of Windows
#
# If you would like to submit a bug report, please visit:
#   http://bugreport.sun.com/bugreport/crash.jsp
#

---------------  T H R E A D  ---------------

Current thread (0x000000000248c800):  JavaThread "Unknown thread" [_thread_in_vm, id=1856, stack(0x0000000002720000,0x0000000002820000)]

Stack: [0x0000000002720000,0x0000000002820000]

---------------  P R O C E S S  ---------------

Java Threads: ( => current thread )

Other Threads:

=>0x000000000248c800 (exited) JavaThread "Unknown thread" [_thread_in_vm, id=1856, stack(0x0000000002720000,0x0000000002820000)]

VM state:not at safepoint (not fully initialized)

VM Mutex/Monitor currently owned by a thread: None

GC Heap History (0 events):
No events

Deoptimization events (0 events):
No events

Internal exceptions (0 events):
No events

Events (10 events):
Event: 0.011 loading class 0x00000000023d1800 done
Event: 0.012 loading class 0x0000000002399df0 done
Event: 0.012 loading class 0x0000000002399dc0
Event: 0.012 loading class 0x0000000002421220
Event: 0.012 loading class 0x0000000002421220 done
Event: 0.012 loading class 0x0000000002421260
Event: 0.012 loading class 0x0000000002421260 done
Event: 0.012 loading class 0x00000000088fe810
Event: 0.012 loading class 0x00000000088fe810 done
Event: 0.012 loading class 0x0000000002399dc0 done


Dynamic libraries:
0x000000013fe40000 - 0x000000013fe73000 	C:\Program Files\Java\jre7\bin\javaw.exe
0x00000000771d0000 - 0x0000000077379000 	C:\windows\SYSTEM32\ntdll.dll
0x0000000076f50000 - 0x000000007706f000 	C:\windows\system32\kernel32.dll
0x000007fefd990000 - 0x000007fefd9fc000 	C:\windows\system32\KERNELBASE.dll
0x000007fefdbf0000 - 0x000007fefdccb000 	C:\windows\system32\ADVAPI32.dll
0x000007feff160000 - 0x000007feff1ff000 	C:\windows\system32\msvcrt.dll
0x000007fefdcd0000 - 0x000007fefdcef000 	C:\windows\SYSTEM32\sechost.dll
0x000007fefe2a0000 - 0x000007fefe3cd000 	C:\windows\system32\RPCRT4.dll
0x0000000076d00000 - 0x0000000076dfa000 	C:\windows\system32\USER32.dll
0x000007feff470000 - 0x000007feff4d7000 	C:\windows\system32\GDI32.dll
0x000007fefdbe0000 - 0x000007fefdbee000 	C:\windows\system32\LPK.dll
0x000007feff350000 - 0x000007feff419000 	C:\windows\system32\USP10.dll
0x000007fefc020000 - 0x000007fefc214000 	C:\windows\WinSxS\amd64_microsoft.windows.common-controls_6595b64144ccf1df_6.0.7601.17514_none_fa396087175ac9ac\COMCTL32.dll
0x000007feff2a0000 - 0x000007feff311000 	C:\windows\system32\SHLWAPI.dll
0x000007feff320000 - 0x000007feff34e000 	C:\windows\system32\IMM32.DLL
0x000007fefe130000 - 0x000007fefe239000 	C:\windows\system32\MSCTF.dll
0x0000000072710000 - 0x00000000727e1000 	C:\Program Files\Java\jre7\bin\msvcr100.dll
0x0000000069a70000 - 0x000000006a18f000 	C:\Program Files\Java\jre7\bin\server\jvm.dll
0x000007fefb090000 - 0x000007fefb099000 	C:\windows\system32\WSOCK32.dll
0x000007feff420000 - 0x000007feff46d000 	C:\windows\system32\WS2_32.dll
0x000007fefe120000 - 0x000007fefe128000 	C:\windows\system32\NSI.dll
0x000007fef9360000 - 0x000007fef939b000 	C:\windows\system32\WINMM.dll
0x0000000077390000 - 0x0000000077397000 	C:\windows\system32\PSAPI.DLL
0x0000000073b80000 - 0x0000000073b8f000 	C:\Program Files\Java\jre7\bin\verify.dll
0x0000000072a50000 - 0x0000000072a78000 	C:\Program Files\Java\jre7\bin\java.dll
0x0000000072a30000 - 0x0000000072a45000 	C:\Program Files\Java\jre7\bin\zip.dll

VM Arguments:
jvm_args: -Dfile.encoding=UTF-8 -Xbootclasspath:E:\Software\Develop\android-sdk-windows\platforms\android-15\android.jar 
java_command: com.jason.property.dsada
Launcher Type: SUN_STANDARD

Environment Variables:
PATH=C:\windows\system32;C:\windows;C:\windows\System32\Wbem;C:\windows\System32\WindowsPowerShell\v1.0\
USERNAME=Administrator
OS=Windows_NT
PROCESSOR_IDENTIFIER=Intel64 Family 6 Model 15 Stepping 11, GenuineIntel



---------------  S Y S T E M  ---------------

OS: Windows 7 , 64 bit Build 7601 Service Pack 1

CPU:total 2 (2 cores per cpu, 1 threads per core) family 6 model 15 stepping 11, cmov, cx8, fxsr, mmx, sse, sse2, sse3, ssse3, tsc

Memory: 4k page, physical 4051568k(1209044k free), swap 4049712k(1074448k free)

vm_info: Java HotSpot(TM) 64-Bit Server VM (23.7-b01) for windows-amd64 JRE (1.7.0_13-b20), built on Jan 30 2013 10:10:00 by "java_re" with unknown MS VC++:1600

time: Tue Aug 27 19:06:31 2013
elapsed time: 0 seconds

